-------------------------------------------------------------------------------
Test set: com.durotan.entity.ProductItemTest
-------------------------------------------------------------------------------
Tests run: 1, Failures: 0, Errors: 1, Skipped: 0, Time elapsed: 0.008 s <<< FAILURE! - in com.durotan.entity.ProductItemTest
saveProductItem  Time elapsed: 0.008 s  <<< ERROR!
java.util.NoSuchElementException: No value present
	at com.durotan.entity.ProductItemTest.saveProductItem(ProductItemTest.java:32)

